<?xml version="1.0" encoding="UTF-8"?>
<!-- Generated by org.testng.reporters.JUnitReportReporter -->
<testsuite hostname="LAPTOP-ENJ38HA8" failures="0" tests="1" name="runner.Runner" time="12.394" errors="0" timestamp="2023-07-11T10:28:02 IST" skipped="0">
  <testcase classname="runner.Runner" name="runScenario" time="12.394"/>
</testsuite> <!-- runner.Runner -->
