<?xml version="1.0" encoding="UTF-8"?>
<!-- Generated by org.testng.reporters.JUnitReportReporter -->
<testsuite hostname="DESKTOP-P7AL5QH" failures="0" tests="1" name="runner.Runner" time="85.885" errors="0" timestamp="2023-07-10T21:45:37 IST" skipped="0">
  <testcase classname="runner.Runner" name="runScenario" time="85.885"/>
</testsuite> <!-- runner.Runner -->
