<?xml version="1.0" encoding="UTF-8"?>
<!-- Generated by org.testng.reporters.JUnitReportReporter -->
<testsuite hostname="DESKTOP-P7AL5QH" failures="0" tests="1" name="tests.TestThree" time="70.065" errors="0" timestamp="2023-07-10T19:53:31 IST" skipped="0">
  <testcase classname="tests.TestThree" name="testThree" time="70.065"/>
</testsuite> <!-- tests.TestThree -->
