<?xml version="1.0" encoding="UTF-8"?>
<!-- Generated by org.testng.reporters.JUnitReportReporter -->
<testsuite hostname="LAPTOP-ENJ38HA8" failures="0" tests="1" name="tests.TestThree" time="11.550" errors="0" timestamp="2023-07-11T10:30:52 IST" skipped="0">
  <testcase classname="tests.TestThree" name="testThree" time="11.550"/>
</testsuite> <!-- tests.TestThree -->
