<?xml version="1.0" encoding="UTF-8"?>
<!-- Generated by org.testng.reporters.JUnitReportReporter -->
<testsuite hostname="LAPTOP-ENJ38HA8" failures="0" tests="1" name="tests.TestTwo" time="9.831" errors="0" timestamp="2023-07-11T10:30:52 IST" skipped="0">
  <testcase classname="tests.TestTwo" name="twoTestMethod" time="9.831"/>
</testsuite> <!-- tests.TestTwo -->
