<?xml version="1.0" encoding="UTF-8"?>
<!-- Generated by org.testng.reporters.JUnitReportReporter -->
<testsuite hostname="DESKTOP-P7AL5QH" failures="0" tests="2" name="tests.LoginTest" time="108.758" errors="0" timestamp="2023-07-10T19:53:31 IST" skipped="0">
  <testcase classname="tests.LoginTest" name="login" time="28.310"/>
  <testcase classname="tests.LoginTest" name="login" time="80.448"/>
</testsuite> <!-- tests.LoginTest -->
