<?xml version="1.0" encoding="UTF-8"?>
<!-- Generated by org.testng.reporters.JUnitReportReporter -->
<testsuite hostname="LAPTOP-ENJ38HA8" failures="0" tests="2" name="tests.LoginTest" time="23.877" errors="0" timestamp="2023-07-11T10:30:52 IST" skipped="0">
  <testcase classname="tests.LoginTest" name="login" time="8.021"/>
  <testcase classname="tests.LoginTest" name="login" time="15.856"/>
</testsuite> <!-- tests.LoginTest -->
