<?xml version="1.0" encoding="UTF-8"?>
<!-- Generated by org.testng.reporters.JUnitReportReporter -->
<testsuite hostname="DESKTOP-P7AL5QH" failures="0" tests="2" name="tests.LoginTest" time="85.176" errors="0" timestamp="2023-07-05T22:26:43 IST" skipped="0">
  <testcase classname="tests.LoginTest" name="login" time="53.431"/>
  <testcase classname="tests.LoginTest" name="login" time="31.745"/>
</testsuite> <!-- tests.LoginTest -->
