<?xml version="1.0" encoding="UTF-8"?>
<!-- Generated by org.testng.reporters.JUnitReportReporter -->
<testsuite hostname="DESKTOP-P7AL5QH" failures="0" tests="1" name="runner.Runner" time="55.565" errors="0" timestamp="2023-07-10T21:55:16 IST" skipped="0">
  <testcase classname="runner.Runner" name="runScenario" time="55.565"/>
</testsuite> <!-- runner.Runner -->
