<?xml version="1.0" encoding="UTF-8"?>
<!-- Generated by org.testng.reporters.JUnitReportReporter -->
<testsuite hostname="DESKTOP-P7AL5QH" failures="0" tests="1" name="tests.TestThree" time="0.002" errors="0" timestamp="2023-07-05T22:26:43 IST" skipped="0">
  <testcase classname="tests.TestThree" name="testThree" time="0.002"/>
</testsuite> <!-- tests.TestThree -->
