<?xml version="1.0" encoding="UTF-8"?>
<!-- Generated by org.testng.reporters.JUnitReportReporter -->
<testsuite hostname="DESKTOP-P7AL5QH" failures="0" tests="1" name="tests.TestFour" time="0.001" errors="0" timestamp="2023-07-05T22:26:43 IST" skipped="0">
  <testcase classname="tests.TestFour" name="testFour" time="0.001"/>
</testsuite> <!-- tests.TestFour -->
